[2025-02-22 11:43:12,070] init.py(10): set_firewall_rules(): [ERROR]: ファイアウォールの設定を行っています...
[2025-02-22 11:43:12,071] init.py(12): set_firewall_rules(): [ERROR]: HTTP(80)ポートの開放を実行しています...
[2025-02-22 11:43:12,248] init.py(14): set_firewall_rules(): [ERROR]: HTTPS(443)ポートの開放を実行しています...
[2025-02-22 11:43:12,332] init.py(21): install_win_acme(): [ERROR]: 最新の win-acme バージョンを取得中...
[2025-02-22 11:43:12,618] init.py(29): install_win_acme(): [ERROR]: win-acme ダウンロードURL: https://github.com/win-acme/win-acme/releases/download/v2.2.9.1701/win-acme.v2.2.9.1701.x64.trimmed.zip
[2025-02-22 11:43:14,923] init.py(44): install_win_acme(): [ERROR]: win-acme のダウンロードが完了しました。
[2025-02-22 11:43:14,977] init.py(49): install_win_acme(): [ERROR]: 展開中です: public_suffix_list.dat...
[2025-02-22 11:43:14,979] init.py(49): install_win_acme(): [ERROR]: 展開中です: settings_default.json...
[2025-02-22 11:43:14,980] init.py(49): install_win_acme(): [ERROR]: 展開中です: version.txt...
[2025-02-22 11:43:15,122] init.py(49): install_win_acme(): [ERROR]: 展開中です: wacs.exe...
[2025-02-22 11:43:15,124] init.py(49): install_win_acme(): [ERROR]: 展開中です: Web_Config.xml...
[2025-02-22 11:43:15,125] init.py(49): install_win_acme(): [ERROR]: 展開中です: Scripts/EasyDNS.ps1...
[2025-02-22 11:43:15,126] init.py(49): install_win_acme(): [ERROR]: 展開中です: Scripts/ImportADFS.ps1...
[2025-02-22 11:43:15,128] init.py(49): install_win_acme(): [ERROR]: 展開中です: Scripts/ImportAzureADApplicationProxy.ps1...
[2025-02-22 11:43:15,129] init.py(49): install_win_acme(): [ERROR]: 展開中です: Scripts/ImportAzureApplicationGateway.ps1...
[2025-02-22 11:43:15,130] init.py(49): install_win_acme(): [ERROR]: 展開中です: Scripts/ImportExchange.ps1...
[2025-02-22 11:43:15,131] init.py(49): install_win_acme(): [ERROR]: 展開中です: Scripts/ImportExchange.v2.ps1...
[2025-02-22 11:43:15,132] init.py(49): install_win_acme(): [ERROR]: 展開中です: Scripts/ImportExchangeHybrid.ps1...
[2025-02-22 11:43:15,133] init.py(49): install_win_acme(): [ERROR]: 展開中です: Scripts/ImportJKS.ps1...
[2025-02-22 11:43:15,134] init.py(49): install_win_acme(): [ERROR]: 展開中です: Scripts/ImportKemp.ps1...
[2025-02-22 11:43:15,135] init.py(49): install_win_acme(): [ERROR]: 展開中です: Scripts/ImportNTDS.ps1...
[2025-02-22 11:43:15,136] init.py(49): install_win_acme(): [ERROR]: 展開中です: Scripts/ImportRDGateway.ps1...
[2025-02-22 11:43:15,138] init.py(49): install_win_acme(): [ERROR]: 展開中です: Scripts/ImportRDListener.ps1...
[2025-02-22 11:43:15,139] init.py(49): install_win_acme(): [ERROR]: 展開中です: Scripts/ImportRDS.ps1...
[2025-02-22 11:43:15,140] init.py(49): install_win_acme(): [ERROR]: 展開中です: Scripts/ImportRDSFull.ps1...
[2025-02-22 11:43:15,141] init.py(49): install_win_acme(): [ERROR]: 展開中です: Scripts/ImportSQL.ps1...
[2025-02-22 11:43:15,143] init.py(49): install_win_acme(): [ERROR]: 展開中です: Scripts/ImportSSTP.ps1...
[2025-02-22 11:43:15,144] init.py(49): install_win_acme(): [ERROR]: 展開中です: Scripts/ImportVRBCloudGateway.ps1...
[2025-02-22 11:43:15,146] init.py(49): install_win_acme(): [ERROR]: 展開中です: Scripts/ImportWindowsAdminCenter.ps1...
[2025-02-22 11:43:15,147] init.py(49): install_win_acme(): [ERROR]: 展開中です: Scripts/ImportWinRM.ps1...
[2025-02-22 11:43:15,148] init.py(49): install_win_acme(): [ERROR]: 展開中です: Scripts/ImportWinRM.v2.ps1...
[2025-02-22 11:43:15,149] init.py(49): install_win_acme(): [ERROR]: 展開中です: Scripts/microsoft-dns.ps1...
[2025-02-22 11:43:15,150] init.py(49): install_win_acme(): [ERROR]: 展開中です: Scripts/PSRDSCerts.bat...
[2025-02-22 11:43:15,151] init.py(49): install_win_acme(): [ERROR]: 展開中です: Scripts/PSScript.bat...
[2025-02-22 11:43:15,151] init.py(50): install_win_acme(): [ERROR]: win-acme のインストールが完了しました。
[2025-02-22 11:43:15,153] init.py(72): resolve_ini_config(): [ERROR]: ドメイン名: babydaemons.jp, メールアドレス: babydaemons@gmail.com を読み込みました。
[2025-02-22 11:43:15,153] init.py(83): get_ssl_certificate(): [ERROR]: win-acme を実行してSSL証明書を発行しています...
[2025-02-22 11:43:24,310] init.py(111): get_ssl_certificate(): [ERROR]: SSL証明書の発行とインストールに成功しました。
[2025-02-22 11:43:24,312] TradeTransmitterService.py(22): <module>(): [ERROR]: HTTPSプロトコルの受け付けを開始します...
[2025-02-22 11:53:46,502] init.py(10): set_firewall_rules(): [INFO]: ファイアウォールの設定を行っています...
[2025-02-22 11:53:46,503] init.py(12): set_firewall_rules(): [INFO]: HTTP(80)ポートの開放を実行しています...
[2025-02-22 11:53:46,600] init.py(14): set_firewall_rules(): [INFO]: HTTPS(443)ポートの開放を実行しています...
[2025-02-22 11:53:46,680] init.py(21): install_win_acme(): [INFO]: 最新の win-acme バージョンを取得中...
[2025-02-22 11:53:46,966] init.py(29): install_win_acme(): [INFO]: win-acme ダウンロードURL: https://github.com/win-acme/win-acme/releases/download/v2.2.9.1701/win-acme.v2.2.9.1701.x64.trimmed.zip
[2025-02-22 11:53:48,627] init.py(44): install_win_acme(): [INFO]: win-acme のダウンロードが完了しました。
[2025-02-22 11:53:48,680] init.py(49): install_win_acme(): [INFO]: 展開中です: public_suffix_list.dat...
[2025-02-22 11:53:48,682] init.py(49): install_win_acme(): [INFO]: 展開中です: settings_default.json...
[2025-02-22 11:53:48,683] init.py(49): install_win_acme(): [INFO]: 展開中です: version.txt...
[2025-02-22 11:53:48,826] init.py(49): install_win_acme(): [INFO]: 展開中です: wacs.exe...
[2025-02-22 11:53:48,828] init.py(49): install_win_acme(): [INFO]: 展開中です: Web_Config.xml...
[2025-02-22 11:53:48,830] init.py(49): install_win_acme(): [INFO]: 展開中です: Scripts/EasyDNS.ps1...
[2025-02-22 11:53:48,831] init.py(49): install_win_acme(): [INFO]: 展開中です: Scripts/ImportADFS.ps1...
[2025-02-22 11:53:48,832] init.py(49): install_win_acme(): [INFO]: 展開中です: Scripts/ImportAzureADApplicationProxy.ps1...
[2025-02-22 11:53:48,837] init.py(49): install_win_acme(): [INFO]: 展開中です: Scripts/ImportAzureApplicationGateway.ps1...
[2025-02-22 11:53:48,838] init.py(49): install_win_acme(): [INFO]: 展開中です: Scripts/ImportExchange.ps1...
[2025-02-22 11:53:48,839] init.py(49): install_win_acme(): [INFO]: 展開中です: Scripts/ImportExchange.v2.ps1...
[2025-02-22 11:53:48,840] init.py(49): install_win_acme(): [INFO]: 展開中です: Scripts/ImportExchangeHybrid.ps1...
[2025-02-22 11:53:48,841] init.py(49): install_win_acme(): [INFO]: 展開中です: Scripts/ImportJKS.ps1...
[2025-02-22 11:53:48,842] init.py(49): install_win_acme(): [INFO]: 展開中です: Scripts/ImportKemp.ps1...
[2025-02-22 11:53:48,843] init.py(49): install_win_acme(): [INFO]: 展開中です: Scripts/ImportNTDS.ps1...
[2025-02-22 11:53:48,844] init.py(49): install_win_acme(): [INFO]: 展開中です: Scripts/ImportRDGateway.ps1...
[2025-02-22 11:53:48,845] init.py(49): install_win_acme(): [INFO]: 展開中です: Scripts/ImportRDListener.ps1...
[2025-02-22 11:53:48,847] init.py(49): install_win_acme(): [INFO]: 展開中です: Scripts/ImportRDS.ps1...
[2025-02-22 11:53:48,848] init.py(49): install_win_acme(): [INFO]: 展開中です: Scripts/ImportRDSFull.ps1...
[2025-02-22 11:53:48,849] init.py(49): install_win_acme(): [INFO]: 展開中です: Scripts/ImportSQL.ps1...
[2025-02-22 11:53:48,850] init.py(49): install_win_acme(): [INFO]: 展開中です: Scripts/ImportSSTP.ps1...
[2025-02-22 11:53:48,851] init.py(49): install_win_acme(): [INFO]: 展開中です: Scripts/ImportVRBCloudGateway.ps1...
[2025-02-22 11:53:48,853] init.py(49): install_win_acme(): [INFO]: 展開中です: Scripts/ImportWindowsAdminCenter.ps1...
[2025-02-22 11:53:48,854] init.py(49): install_win_acme(): [INFO]: 展開中です: Scripts/ImportWinRM.ps1...
[2025-02-22 11:53:48,855] init.py(49): install_win_acme(): [INFO]: 展開中です: Scripts/ImportWinRM.v2.ps1...
[2025-02-22 11:53:48,856] init.py(49): install_win_acme(): [INFO]: 展開中です: Scripts/microsoft-dns.ps1...
[2025-02-22 11:53:48,857] init.py(49): install_win_acme(): [INFO]: 展開中です: Scripts/PSRDSCerts.bat...
[2025-02-22 11:53:48,858] init.py(49): install_win_acme(): [INFO]: 展開中です: Scripts/PSScript.bat...
[2025-02-22 11:53:48,858] init.py(50): install_win_acme(): [INFO]: win-acme のインストールが完了しました。
[2025-02-22 11:55:14,574] init.py(10): set_firewall_rules(): [INFO]: ファイアウォールの設定を行っています...
[2025-02-22 11:55:14,574] init.py(12): set_firewall_rules(): [INFO]: HTTP(80)ポートの開放を実行しています...
[2025-02-22 11:55:14,653] init.py(14): set_firewall_rules(): [INFO]: HTTPS(443)ポートの開放を実行しています...
[2025-02-22 11:55:14,735] init.py(21): install_win_acme(): [INFO]: 最新の win-acme バージョンを取得中...
[2025-02-22 11:55:15,021] init.py(29): install_win_acme(): [INFO]: win-acme ダウンロードURL: https://github.com/win-acme/win-acme/releases/download/v2.2.9.1701/win-acme.v2.2.9.1701.x64.trimmed.zip
[2025-02-22 11:55:16,481] init.py(44): install_win_acme(): [INFO]: win-acme のダウンロードが完了しました。
[2025-02-22 11:55:16,534] init.py(49): install_win_acme(): [INFO]: 展開中です: public_suffix_list.dat...
[2025-02-22 11:55:16,535] init.py(49): install_win_acme(): [INFO]: 展開中です: settings_default.json...
[2025-02-22 11:55:16,536] init.py(49): install_win_acme(): [INFO]: 展開中です: version.txt...
[2025-02-22 11:55:16,679] init.py(49): install_win_acme(): [INFO]: 展開中です: wacs.exe...
[2025-02-22 11:55:16,680] init.py(49): install_win_acme(): [INFO]: 展開中です: Web_Config.xml...
[2025-02-22 11:55:16,682] init.py(49): install_win_acme(): [INFO]: 展開中です: Scripts/EasyDNS.ps1...
[2025-02-22 11:55:16,683] init.py(49): install_win_acme(): [INFO]: 展開中です: Scripts/ImportADFS.ps1...
[2025-02-22 11:55:16,684] init.py(49): install_win_acme(): [INFO]: 展開中です: Scripts/ImportAzureADApplicationProxy.ps1...
[2025-02-22 11:55:16,685] init.py(49): install_win_acme(): [INFO]: 展開中です: Scripts/ImportAzureApplicationGateway.ps1...
[2025-02-22 11:55:16,686] init.py(49): install_win_acme(): [INFO]: 展開中です: Scripts/ImportExchange.ps1...
[2025-02-22 11:55:16,687] init.py(49): install_win_acme(): [INFO]: 展開中です: Scripts/ImportExchange.v2.ps1...
[2025-02-22 11:55:16,689] init.py(49): install_win_acme(): [INFO]: 展開中です: Scripts/ImportExchangeHybrid.ps1...
[2025-02-22 11:55:16,690] init.py(49): install_win_acme(): [INFO]: 展開中です: Scripts/ImportJKS.ps1...
[2025-02-22 11:55:16,691] init.py(49): install_win_acme(): [INFO]: 展開中です: Scripts/ImportKemp.ps1...
[2025-02-22 11:55:16,692] init.py(49): install_win_acme(): [INFO]: 展開中です: Scripts/ImportNTDS.ps1...
[2025-02-22 11:55:16,693] init.py(49): install_win_acme(): [INFO]: 展開中です: Scripts/ImportRDGateway.ps1...
[2025-02-22 11:55:16,694] init.py(49): install_win_acme(): [INFO]: 展開中です: Scripts/ImportRDListener.ps1...
[2025-02-22 11:55:16,695] init.py(49): install_win_acme(): [INFO]: 展開中です: Scripts/ImportRDS.ps1...
[2025-02-22 11:55:16,696] init.py(49): install_win_acme(): [INFO]: 展開中です: Scripts/ImportRDSFull.ps1...
[2025-02-22 11:55:16,697] init.py(49): install_win_acme(): [INFO]: 展開中です: Scripts/ImportSQL.ps1...
[2025-02-22 11:55:16,698] init.py(49): install_win_acme(): [INFO]: 展開中です: Scripts/ImportSSTP.ps1...
[2025-02-22 11:55:16,699] init.py(49): install_win_acme(): [INFO]: 展開中です: Scripts/ImportVRBCloudGateway.ps1...
[2025-02-22 11:55:16,700] init.py(49): install_win_acme(): [INFO]: 展開中です: Scripts/ImportWindowsAdminCenter.ps1...
[2025-02-22 11:55:16,702] init.py(49): install_win_acme(): [INFO]: 展開中です: Scripts/ImportWinRM.ps1...
[2025-02-22 11:55:16,703] init.py(49): install_win_acme(): [INFO]: 展開中です: Scripts/ImportWinRM.v2.ps1...
[2025-02-22 11:55:16,704] init.py(49): install_win_acme(): [INFO]: 展開中です: Scripts/microsoft-dns.ps1...
[2025-02-22 11:55:16,705] init.py(49): install_win_acme(): [INFO]: 展開中です: Scripts/PSRDSCerts.bat...
[2025-02-22 11:55:16,706] init.py(49): install_win_acme(): [INFO]: 展開中です: Scripts/PSScript.bat...
[2025-02-22 11:55:16,706] init.py(50): install_win_acme(): [INFO]: win-acme のインストールが完了しました。
